
> demie@0.1.0 build
> react-scripts build --no-color

Creating an optimized production build...
Compiled with warnings.

[eslint] 
src\components\DashboardView.jsx
  Line 656:8:  React Hook useCallback has a missing dependency: 'createStubReport'. Either include it or remove the dependency array  react-hooks/exhaustive-deps

src\components\ForgotPassword.jsx
  Line 18:19:  'data' is assigned a value but never used  no-unused-vars

src\components\RegisterUser.jsx
  Line 2:10:  'UserPlus' is defined but never used  no-unused-vars
  Line 2:44:  'Mail' is defined but never used      no-unused-vars

Search for the keywords to learn more about each warning.
To ignore, add // eslint-disable-next-line to the line before.

File sizes after gzip:

  423.11 kB  build\static\js\main.dfe60021.js
  46.34 kB   build\static\js\239.5ce370a6.chunk.js
  43.27 kB   build\static\js\455.b9ccd68b.chunk.js
  8.69 kB    build\static\js\977.f5af2869.chunk.js
  6.92 kB    build\static\css\main.48cc2eff.css
  1.75 kB    build\static\js\453.f7ef0e59.chunk.js

The project was built assuming it is hosted at /.
You can control this with the homepage field in your package.json.

The build folder is ready to be deployed.
You may serve it with a static server:

  npm install -g serve
  serve -s build

Find out more about deployment here:

  https://cra.link/deployment

